<?xml version="1.0" encoding="UTF-8"?>
<!-- Generated by org.testng.reporters.JUnitXMLReporter -->
<testsuite hostname="Irwins-MacBook-Air.local" ignored="0" name="Default test" tests="4" failures="0" timestamp="2020-09-06T13:56:29 EDT" time="21.146" errors="0">
  <testcase name="emptyPassword" time="0.305" classname="com.hrms.testcases.LoginTest"/>
  <testcase name="emptyUsername" time="0.253" classname="com.hrms.testcases.LoginTest"/>
  <testcase name="invalidPassword" time="1.383" classname="com.hrms.testcases.LoginTest"/>
  <testcase name="validLogin" time="4.114" classname="com.hrms.testcases.LoginTest"/>
</testsuite> <!-- Default test -->
