<?xml version="1.0" encoding="UTF-8"?>
<testng-results skipped="0" failed="0" ignored="3" total="4" passed="1">
  <reporter-output>
  </reporter-output>
  <suite name="Smoke Suite" duration-ms="14295" started-at="2020-09-08T21:53:34 EDT" finished-at="2020-09-08T21:53:49 EDT">
    <groups>
      <group name="smoke">
        <method signature="LoginTest.validLogin()[pri:0, instance:com.hrms.testcases.LoginTest@76f2b07d]" name="validLogin" class="com.hrms.testcases.LoginTest"/>
      </group> <!-- smoke -->
    </groups>
    <test name="Smoke Test" duration-ms="14295" started-at="2020-09-08T21:53:34 EDT" finished-at="2020-09-08T21:53:49 EDT">
      <class name="com.hrms.testcases.LoginTest">
        <test-method status="PASS" signature="setUp()[pri:0, instance:com.hrms.testcases.LoginTest@76f2b07d]" name="setUp" is-config="true" duration-ms="5521" started-at="2020-09-08T21:53:34 EDT" finished-at="2020-09-08T21:53:40 EDT">
          <reporter-output>
          </reporter-output>
        </test-method> <!-- setUp -->
        <test-method status="PASS" signature="validLogin()[pri:0, instance:com.hrms.testcases.LoginTest@76f2b07d]" name="validLogin" duration-ms="7506" started-at="2020-09-08T21:53:40 EDT" finished-at="2020-09-08T21:53:47 EDT">
          <reporter-output>
          </reporter-output>
        </test-method> <!-- validLogin -->
        <test-method status="PASS" signature="tearDown()[pri:0, instance:com.hrms.testcases.LoginTest@76f2b07d]" name="tearDown" is-config="true" duration-ms="88" started-at="2020-09-08T21:53:49 EDT" finished-at="2020-09-08T21:53:49 EDT">
          <reporter-output>
          </reporter-output>
        </test-method> <!-- tearDown -->
      </class> <!-- com.hrms.testcases.LoginTest -->
    </test> <!-- Smoke Test -->
  </suite> <!-- Smoke Suite -->
</testng-results>
